Arguments: 
  D:\Program Files\nodejs\node.exe D:\Program Files\Yarn\bin\yarn.js install

PATH: 
  C:\Users\abc\bin;D:\Program Files\Git\mingw64\bin;D:\Program Files\Git\usr\local\bin;D:\Program Files\Git\usr\bin;D:\Program Files\Git\usr\bin;D:\Program Files\Git\cmd;D:\Program Files\Git\usr\bin;C:\Program Files\ConEmu\ConEmu\Scripts;C:\Program Files\ConEmu;C:\Program Files\ConEmu\ConEmu;C:\Python38\Scripts;C:\Python38;C:\Windows\system32;C:\Windows;C:\Windows\System32\Wbem;C:\Windows\System32\WindowsPowerShell\v1.0;C:\Windows\System32\OpenSSH;C:\Program Files (x86)\NVIDIA Corporation\PhysX\Common;D:\Program Files\nodejs;C:\ProgramData\chocolatey\bin;D:\Program Files\Yarn\bin;D:\Program Files\Git\cmd;C:\Users\abc\AppData\Local\Microsoft\WindowsApps;D:\Program Files\JetBrains\WebStorm 2020.2.2\bin;C:\Users\abc\AppData\Roaming\npm;C:\Users\abc\AppData\Local\Yarn\bin;D:\Program Files\Git\usr\bin\vendor_perl;D:\Program Files\Git\usr\bin\core_perl

Yarn version: 
  1.22.5

Node version: 
  14.12.0

Platform: 
  win32 x64

Trace: 
  Error: connect ENETUNREACH 104.16.22.35:443
      at TCPConnectWrap.afterConnect [as oncomplete] (net.js:1145:16)

npm manifest: 
  {
    "name": "mern_setup",
    "version": "1.0.0",
    "description": "simple mern stack setup",
    "main": "template.js",
    "repository": "https://github.com/teose/MERN_setup.git",
    "author": "Teose",
    "license": "MIT",
  
    "scripts": {
      "development": "nodemon",
      "build": "webpack --config webpack.config.client.production.js && webpack --mode=production --config webpack.config.server.js",
      "start": "NODE_ENV=production node ./dist/server.generated.js"
    },
    "engines": {
      "node": "14.12.0",
      "npm": "6.14.4"
    },
    "dependencies": {
      "@hot-loader/react-dom": "16.13.0",
      "express": "4.17.1",
      "mongodb": "3.5.5",
      "react": "16.13.1",
      "react-dom": "16.13.1",
      "react-hot-loader": "4.12.20"
    },
    "devDependencies": {
      "@babel/core": "7.9.0",
      "@babel/preset-env": "7.9.0",
      "@babel/preset-react": "7.9.4",
      "babel-loader": "8.1.0",
      "nodemon": "2.0.2",
      "webpack": "4.42.1",
      "webpack-cli": "3.3.11",
      "webpack-dev-middleware": "3.7.2",
      "webpack-hot-middleware": "2.25.0",
      "webpack-node-externals": "1.7.2"
    }
  }

yarn manifest: 
  No manifest

Lockfile: 
  No lockfile
